<?xml version="1.0" encoding="utf-8"?><testsuites name="pytest tests"><testsuite name="pytest" errors="0" failures="0" skipped="0" tests="16" time="3.644" timestamp="2026-07-14T19:46:09.187321+00:00" hostname="agent-env-5bb0c207-1c82-4401-846a-071b3331f6af"><testcase classname="tests.test_phase1_backend.TestMeta" name="test_health" time="0.114" /><testcase classname="tests.test_phase1_backend.TestMeta" name="test_ai_providers" time="0.036" /><testcase classname="tests.test_phase1_backend.TestAuth" name="test_register_creates_user_and_settings" time="0.336" /><testcase classname="tests.test_phase1_backend.TestAuth" name="test_register_duplicate_email_409" time="0.336" /><testcase classname="tests.test_phase1_backend.TestAuth" name="test_register_short_password_422" time="0.073" /><testcase classname="tests.test_phase1_backend.TestAuth" name="test_login_success" time="0.295" /><testcase classname="tests.test_phase1_backend.TestAuth" name="test_login_wrong_password_401" time="0.256" /><testcase classname="tests.test_phase1_backend.TestAuth" name="test_google_session_invalid_401" time="0.279" /><testcase classname="tests.test_phase1_backend.TestAuth" name="test_me_with_token" time="0.036" /><testcase classname="tests.test_phase1_backend.TestAuth" name="test_me_without_token_401" time="0.073" /><testcase classname="tests.test_phase1_backend.TestProfileSettings" name="test_update_onboarding_persists" time="0.151" /><testcase classname="tests.test_phase1_backend.TestProfileSettings" name="test_patch_settings" time="0.068" /><testcase classname="tests.test_phase1_backend.TestMemories" name="test_memory_crud_and_search" time="0.332" /><testcase classname="tests.test_phase1_backend.TestHistory" name="test_history_create_list_sort_and_clear" time="0.467" /><testcase classname="tests.test_phase1_backend.TestReminders" name="test_reminder_crud" time="0.147" /><testcase classname="tests.test_phase1_backend.TestIsolation" name="test_users_cannot_see_each_other_data" time="0.567" /></testsuite></testsuites>